<?xml version="1.0" encoding="UTF-8"?>
<!-- Generated by org.testng.reporters.JUnitReportReporter -->
<testsuite hostname="evgeniy-Lenovo-ideapad-330-15IKB" failures="0" tests="2" name="Tests" time="24.879" errors="0" timestamp="2022-05-17T14:16:23 SAMT" skipped="0">
  <testcase classname="Tests" name="transactionRecovery" time="14.988"/>
  <system-out/>
  <testcase classname="Tests" name="importFile" time="9.891"/>
  <system-out/>
</testsuite> <!-- Tests -->
